<?xml version="1.0" encoding="UTF-8"?>
<testsuite name="com.stacktips.movies.api.GreetingControllerTest" tests="1" skipped="0" failures="0" errors="0" timestamp="2024-01-27T00:30:54" hostname="GB3TRDM0XW6HV" time="0.03">
  <properties/>
  <testcase name="greetingShouldReturnDefaultMessage()" classname="com.stacktips.movies.api.GreetingControllerTest" time="0.03"/>
  <system-out><![CDATA[2024-01-27T00:30:54.234Z  INFO 61595 --- [    Test worker] t.c.s.AnnotationConfigContextLoaderUtils : Could not detect default configuration classes for test class [com.stacktips.movies.api.GreetingControllerTest]: GreetingControllerTest does not declare any static, non-private, non-final, nested classes annotated with @Configuration.
2024-01-27T00:30:54.244Z  INFO 61595 --- [    Test worker] .b.t.c.SpringBootTestContextBootstrapper : Found @SpringBootConfiguration com.stacktips.movies.MoviesApplication for test class com.stacktips.movies.api.GreetingControllerTest

  .   ____          _            __ _ _
 /\\ / ___'_ __ _ _(_)_ __  __ _ \ \ \ \
( ( )\___ | '_ | '_| | '_ \/ _` | \ \ \ \
 \\/  ___)| |_)| | | | | || (_| |  ) ) ) )
  '  |____| .__|_| |_|_| |_\__, | / / / /
 =========|_|==============|___/=/_/_/_/
 :: Spring Boot ::                (v3.2.2)

2024-01-27T00:30:54.254Z  INFO 61595 --- [    Test worker] c.s.movies.api.GreetingControllerTest    : Starting GreetingControllerTest using Java 17.0.8 with PID 61595 (started by nilanchal.panigrahy in /Users/nilanchal.panigrahy/Documents/github/StackTipsLab/spring-boot-tutorials/01-testing-spring-boot)
2024-01-27T00:30:54.254Z  INFO 61595 --- [    Test worker] c.s.movies.api.GreetingControllerTest    : No active profile set, falling back to 1 default profile: "default"
2024-01-27T00:30:54.325Z  INFO 61595 --- [    Test worker] o.s.b.t.m.w.SpringBootMockServletContext : Initializing Spring TestDispatcherServlet ''
2024-01-27T00:30:54.325Z  INFO 61595 --- [    Test worker] o.s.t.web.servlet.TestDispatcherServlet  : Initializing Servlet ''
2024-01-27T00:30:54.326Z  INFO 61595 --- [    Test worker] o.s.t.web.servlet.TestDispatcherServlet  : Completed initialization in 0 ms
2024-01-27T00:30:54.329Z  INFO 61595 --- [    Test worker] c.s.movies.api.GreetingControllerTest    : Started GreetingControllerTest in 0.084 seconds (process running for 1.67)

MockHttpServletRequest:
      HTTP Method = GET
      Request URI = /
       Parameters = {}
          Headers = []
             Body = null
    Session Attrs = {}

Handler:
             Type = com.stacktips.movies.api.GreetingController
           Method = com.stacktips.movies.api.GreetingController#greeting()

Async:
    Async started = false
     Async result = null

Resolved Exception:
             Type = null

ModelAndView:
        View name = null
             View = null
            Model = null

FlashMap:
       Attributes = null

MockHttpServletResponse:
           Status = 200
    Error message = null
          Headers = [Content-Type:"text/plain;charset=UTF-8", Content-Length:"19"]
     Content type = text/plain;charset=UTF-8
             Body = Hello, Spring Boot!
    Forwarded URL = null
   Redirected URL = null
          Cookies = []
]]></system-out>
  <system-err><![CDATA[]]></system-err>
</testsuite>
