<?xml version="1.0" encoding="UTF-8"?>
<testsuite name="com.stacktips.movies.api.MovieControllerTest" tests="1" skipped="0" failures="0" errors="0" timestamp="2024-01-27T00:30:54" hostname="GB3TRDM0XW6HV" time="0.04">
  <properties/>
  <testcase name="greetingShouldReturnMockResponse()" classname="com.stacktips.movies.api.MovieControllerTest" time="0.04"/>
  <system-out><![CDATA[2024-01-27T00:30:54.615Z  INFO 61595 --- [    Test worker] t.c.s.AnnotationConfigContextLoaderUtils : Could not detect default configuration classes for test class [com.stacktips.movies.api.MovieControllerTest]: MovieControllerTest does not declare any static, non-private, non-final, nested classes annotated with @Configuration.
2024-01-27T00:30:54.617Z  INFO 61595 --- [    Test worker] .b.t.c.SpringBootTestContextBootstrapper : Found @SpringBootConfiguration com.stacktips.movies.MoviesApplication for test class com.stacktips.movies.api.MovieControllerTest

  .   ____          _            __ _ _
 /\\ / ___'_ __ _ _(_)_ __  __ _ \ \ \ \
( ( )\___ | '_ | '_| | '_ \/ _` | \ \ \ \
 \\/  ___)| |_)| | | | | || (_| |  ) ) ) )
  '  |____| .__|_| |_|_| |_\__, | / / / /
 =========|_|==============|___/=/_/_/_/
 :: Spring Boot ::                (v3.2.2)

2024-01-27T00:30:54.625Z  INFO 61595 --- [    Test worker] c.s.movies.api.MovieControllerTest       : Starting MovieControllerTest using Java 17.0.8 with PID 61595 (started by nilanchal.panigrahy in /Users/nilanchal.panigrahy/Documents/github/StackTipsLab/spring-boot-tutorials/01-testing-spring-boot)
2024-01-27T00:30:54.625Z  INFO 61595 --- [    Test worker] c.s.movies.api.MovieControllerTest       : No active profile set, falling back to 1 default profile: "default"
2024-01-27T00:30:54.820Z  INFO 61595 --- [    Test worker] o.s.b.t.m.w.SpringBootMockServletContext : Initializing Spring TestDispatcherServlet ''
2024-01-27T00:30:54.820Z  INFO 61595 --- [    Test worker] o.s.t.web.servlet.TestDispatcherServlet  : Initializing Servlet ''
2024-01-27T00:30:54.821Z  INFO 61595 --- [    Test worker] o.s.t.web.servlet.TestDispatcherServlet  : Completed initialization in 0 ms
2024-01-27T00:30:54.828Z  INFO 61595 --- [    Test worker] c.s.movies.api.MovieControllerTest       : Started MovieControllerTest in 0.209 seconds (process running for 2.168)

MockHttpServletRequest:
      HTTP Method = GET
      Request URI = /movies
       Parameters = {}
          Headers = []
             Body = null
    Session Attrs = {}

Handler:
             Type = com.stacktips.movies.api.MovieController
           Method = com.stacktips.movies.api.MovieController#getMovies()

Async:
    Async started = false
     Async result = null

Resolved Exception:
             Type = null

ModelAndView:
        View name = null
             View = null
            Model = null

FlashMap:
       Attributes = null

MockHttpServletResponse:
           Status = 200
    Error message = null
          Headers = [Content-Type:"application/json"]
     Content type = application/json
             Body = ["Sprider Man","X-Man","Iron Man"]
    Forwarded URL = null
   Redirected URL = null
          Cookies = []
]]></system-out>
  <system-err><![CDATA[]]></system-err>
</testsuite>
